# JRE version: OpenJDK Runtime Environment (17.0.6) (build 17.0.6+0-b2043.56-10027231)
# Java VM: OpenJDK 64-Bit Server VM (17.0.6+0-b2043.56-10027231, mixed mode, tiered, compressed oops, compressed class ptrs, g1 gc, windows-amd64)
GC Precious Log:
 CPUs: 16 total, 16 available
 Memory: 15713M
 Large Page Support: Disabled
 NUMA Support: Disabled
 Compressed Oops: Enabled (32-bit)
 Heap Region Size: 1M
 Heap Min Capacity: 8M
 Heap Initial Capacity: 246M
 Heap Max Capacity: 2G
 Pre-touch: Disabled
 Parallel Workers: 13
 Concurrent Workers: 3
 Concurrent Refinement Workers: 13
 Periodic GC: Disabled
Heap:
 garbage-first heap   total 216064K, used 131094K [0x0000000080000000, 0x0000000100000000)
  region size 1024K, 23 young (23552K), 2 survivors (2048K)
 Metaspace       used 125916K, committed 126848K, reserved 1163264K
  class space    used 17116K, committed 17536K, reserved 1048576K
GC Heap History (20 events):
Event: 3628.045 GC heap before
{Heap before GC invocations=43 (full 0):
 garbage-first heap   total 216064K, used 154343K [0x0000000080000000, 0x0000000100000000)
  region size 1024K, 44 young (45056K), 1 survivors (1024K)
 Metaspace       used 122396K, committed 123200K, reserved 1155072K
  class space    used 16957K, committed 17344K, reserved 1048576K
}
Event: 3628.123 GC heap after
{Heap after GC invocations=44 (full 1):
 garbage-first heap   total 216064K, used 92171K [0x0000000080000000, 0x0000000100000000)
  region size 1024K, 0 young (0K), 0 survivors (0K)
 Metaspace       used 122373K, committed 123200K, reserved 1155072K
  class space    used 16953K, committed 17344K, reserved 1048576K
}
Event: 3654.948 GC heap before
{Heap before GC invocations=44 (full 1):
 garbage-first heap   total 216064K, used 169995K [0x0000000080000000, 0x0000000100000000)
  region size 1024K, 77 young (78848K), 0 survivors (0K)
 Metaspace       used 123114K, committed 124032K, reserved 1163264K
  class space    used 16982K, committed 17408K, reserved 1048576K
}
Event: 3654.953 GC heap after
{Heap after GC invocations=45 (full 1):
 garbage-first heap   total 216064K, used 100588K [0x0000000080000000, 0x0000000100000000)
  region size 1024K, 9 young (9216K), 9 survivors (9216K)
 Metaspace       used 123114K, committed 124032K, reserved 1163264K
  class space    used 16982K, committed 17408K, reserved 1048576K
}
Event: 3852.305 GC heap before
{Heap before GC invocations=46 (full 1):
 garbage-first heap   total 216064K, used 178412K [0x0000000080000000, 0x0000000100000000)
  region size 1024K, 76 young (77824K), 9 survivors (9216K)
 Metaspace       used 123900K, committed 124736K, reserved 1163264K
  class space    used 16984K, committed 17408K, reserved 1048576K
}
Event: 3852.310 GC heap after
{Heap after GC invocations=47 (full 1):
 garbage-first heap   total 216064K, used 103820K [0x0000000080000000, 0x0000000100000000)
  region size 1024K, 4 young (4096K), 4 survivors (4096K)
 Metaspace       used 123900K, committed 124736K, reserved 1163264K
  class space    used 16984K, committed 17408K, reserved 1048576K
}
Event: 3852.348 GC heap before
{Heap before GC invocations=47 (full 1):
 garbage-first heap   total 216064K, used 109964K [0x0000000080000000, 0x0000000100000000)
  region size 1024K, 10 young (10240K), 4 survivors (4096K)
 Metaspace       used 123903K, committed 124736K, reserved 1163264K
  class space    used 16984K, committed 17408K, reserved 1048576K
}
Event: 3852.351 GC heap after
{Heap after GC invocations=48 (full 1):
 garbage-first heap   total 216064K, used 104615K [0x0000000080000000, 0x0000000100000000)
  region size 1024K, 2 young (2048K), 2 survivors (2048K)
 Metaspace       used 123903K, committed 124736K, reserved 1163264K
  class space    used 16984K, committed 17408K, reserved 1048576K
}
Event: 3859.677 GC heap before
{Heap before GC invocations=48 (full 1):
 garbage-first heap   total 216064K, used 172199K [0x0000000080000000, 0x0000000100000000)
  region size 1024K, 69 young (70656K), 2 survivors (2048K)
 Metaspace       used 124459K, committed 125312K, reserved 1163264K
  class space    used 17036K, committed 17408K, reserved 1048576K
}
Event: 3859.682 GC heap after
{Heap after GC invocations=49 (full 1):
 garbage-first heap   total 216064K, used 112067K [0x0000000080000000, 0x0000000100000000)
  region size 1024K, 9 young (9216K), 9 survivors (9216K)
 Metaspace       used 124459K, committed 125312K, reserved 1163264K
  class space    used 17036K, committed 17408K, reserved 1048576K
}
Event: 4607.611 GC heap before
{Heap before GC invocations=50 (full 1):
 garbage-first heap   total 216064K, used 175555K [0x0000000080000000, 0x0000000100000000)
  region size 1024K, 68 young (69632K), 9 survivors (9216K)
 Metaspace       used 125020K, committed 125888K, reserved 1163264K
  class space    used 17049K, committed 17472K, reserved 1048576K
}
Event: 4607.617 GC heap after
{Heap after GC invocations=51 (full 1):
 garbage-first heap   total 216064K, used 108574K [0x0000000080000000, 0x0000000100000000)
  region size 1024K, 4 young (4096K), 4 survivors (4096K)
 Metaspace       used 125020K, committed 125888K, reserved 1163264K
  class space    used 17049K, committed 17472K, reserved 1048576K
}
Event: 4607.661 GC heap before
{Heap before GC invocations=51 (full 1):
 garbage-first heap   total 216064K, used 114718K [0x0000000080000000, 0x0000000100000000)
  region size 1024K, 10 young (10240K), 4 survivors (4096K)
 Metaspace       used 125022K, committed 125888K, reserved 1163264K
  class space    used 17049K, committed 17472K, reserved 1048576K
}
Event: 4607.664 GC heap after
{Heap after GC invocations=52 (full 1):
 garbage-first heap   total 216064K, used 106706K [0x0000000080000000, 0x0000000100000000)
  region size 1024K, 1 young (1024K), 1 survivors (1024K)
 Metaspace       used 125022K, committed 125888K, reserved 1163264K
  class space    used 17049K, committed 17472K, reserved 1048576K
}
Event: 4615.623 GC heap before
{Heap before GC invocations=52 (full 1):
 garbage-first heap   total 216064K, used 175314K [0x0000000080000000, 0x0000000100000000)
  region size 1024K, 68 young (69632K), 1 survivors (1024K)
 Metaspace       used 125569K, committed 126528K, reserved 1163264K
  class space    used 17110K, committed 17536K, reserved 1048576K
}
Event: 4615.629 GC heap after
{Heap after GC invocations=53 (full 1):
 garbage-first heap   total 216064K, used 114510K [0x0000000080000000, 0x0000000100000000)
  region size 1024K, 9 young (9216K), 9 survivors (9216K)
 Metaspace       used 125569K, committed 126528K, reserved 1163264K
  class space    used 17110K, committed 17536K, reserved 1048576K
}
Event: 4667.122 GC heap before
{Heap before GC invocations=54 (full 1):
 garbage-first heap   total 216064K, used 183118K [0x0000000080000000, 0x0000000100000000)
  region size 1024K, 67 young (68608K), 9 survivors (9216K)
 Metaspace       used 125800K, committed 126720K, reserved 1163264K
  class space    used 17116K, committed 17536K, reserved 1048576K
}
Event: 4667.128 GC heap after
{Heap after GC invocations=55 (full 1):
 garbage-first heap   total 216064K, used 116992K [0x0000000080000000, 0x0000000100000000)
  region size 1024K, 5 young (5120K), 5 survivors (5120K)
 Metaspace       used 125800K, committed 126720K, reserved 1163264K
  class space    used 17116K, committed 17536K, reserved 1048576K
}
Event: 4667.163 GC heap before
{Heap before GC invocations=55 (full 1):
 garbage-first heap   total 216064K, used 122112K [0x0000000080000000, 0x0000000100000000)
  region size 1024K, 10 young (10240K), 5 survivors (5120K)
 Metaspace       used 125851K, committed 126784K, reserved 1163264K
  class space    used 17116K, committed 17536K, reserved 1048576K
}
Event: 4667.165 GC heap after
{Heap after GC invocations=56 (full 1):
 garbage-first heap   total 216064K, used 110614K [0x0000000080000000, 0x0000000100000000)
  region size 1024K, 2 young (2048K), 2 survivors (2048K)
 Metaspace       used 125851K, committed 126784K, reserved 1163264K
  class space    used 17116K, committed 17536K, reserved 1048576K
}

